<?xml version="1.0" encoding="UTF-8"?>
<testng-results skipped="0" failed="0" ignored="0" total="1" passed="1">
  <reporter-output>
  </reporter-output>
  <suite name="Suite" duration-ms="21068" started-at="2021-09-14T10:28:29Z" finished-at="2021-09-14T10:28:50Z">
    <groups>
    </groups>
    <test name="Test" duration-ms="21068" started-at="2021-09-14T10:28:29Z" finished-at="2021-09-14T10:28:50Z">
      <class name="com.testing.Sample1">
        <test-method status="PASS" signature="beforemethod()[pri:0, instance:com.testing.Sample1@1ce92674]" name="beforemethod" is-config="true" duration-ms="7949" started-at="2021-09-14T10:28:29Z" finished-at="2021-09-14T10:28:37Z">
          <reporter-output>
          </reporter-output>
        </test-method> <!-- beforemethod -->
        <test-method status="PASS" signature="testdata1(java.lang.String, java.lang.String, java.lang.String, java.lang.String, java.lang.String, java.lang.String, java.lang.String, java.lang.String, java.lang.String, java.lang.String, java.lang.String, java.lang.String, java.lang.String, java.lang.String, java.lang.String, java.lang.String, java.lang.String, java.lang.String)[pri:0, instance:com.testing.Sample1@1ce92674]" name="testdata1" duration-ms="13083" started-at="2021-09-14T10:28:37Z" finished-at="2021-09-14T10:28:50Z">
          <params>
            <param index="0">
              <value>
                <![CDATA[Gokul2109]]>
              </value>
            </param>
            <param index="1">
              <value>
                <![CDATA[gokul@2109]]>
              </value>
            </param>
            <param index="2">
              <value>
                <![CDATA[london]]>
              </value>
            </param>
            <param index="3">
              <value>
                <![CDATA[Hotel Sunshine]]>
              </value>
            </param>
            <param index="4">
              <value>
                <![CDATA[Super Delux]]>
              </value>
            </param>
            <param index="5">
              <value>
                <![CDATA[two]]>
              </value>
            </param>
            <param index="6">
              <value>
                <![CDATA[20/08/2021]]>
              </value>
            </param>
            <param index="7">
              <value>
                <![CDATA[01/01/2022]]>
              </value>
            </param>
            <param index="8">
              <value>
                <![CDATA[one]]>
              </value>
            </param>
            <param index="9">
              <value>
                <![CDATA[two]]>
              </value>
            </param>
            <param index="10">
              <value>
                <![CDATA[Usman]]>
              </value>
            </param>
            <param index="11">
              <value>
                <![CDATA[i]]>
              </value>
            </param>
            <param index="12">
              <value>
                <![CDATA[ECR]]>
              </value>
            </param>
            <param index="13">
              <value>
                <![CDATA[1234567897894561]]>
              </value>
            </param>
            <param index="14">
              <value>
                <![CDATA[VISA]]>
              </value>
            </param>
            <param index="15">
              <value>
                <![CDATA[AUGUST]]>
              </value>
            </param>
            <param index="16">
              <value>
                <![CDATA[2022]]>
              </value>
            </param>
            <param index="17">
              <value>
                <![CDATA[456]]>
              </value>
            </param>
          </params>
          <reporter-output>
          </reporter-output>
        </test-method> <!-- testdata1 -->
      </class> <!-- com.testing.Sample1 -->
    </test> <!-- Test -->
  </suite> <!-- Suite -->
</testng-results>
